<?xml version="1.0" encoding="UTF-8"?>
<!-- Generated by org.testng.reporters.JUnitXMLReporter -->
<testsuite ignored="0" hostname="LAPTOP-BRMI1F9H" failures="0" tests="3" name="Default test" time="14.055" errors="0" timestamp="2024-06-10T13:49:00 IST">
  <testcase classname="facebookTest.LoginTest" name="passwordVerification" time="0.141"/>
  <testcase classname="facebookTest.LoginTest" name="messageVerification" time="0.067"/>
  <testcase classname="facebookTest.LoginTest" name="emailValidation" time="0.06"/>
</testsuite> <!-- Default test -->
