<?xml version="1.0" encoding="UTF-8"?>
<testng-results ignored="0" total="3" passed="3" failed="0" skipped="0">
  <reporter-output>
  </reporter-output>
  <suite started-at="2024-06-10T13:48:45 IST" name="Default suite" finished-at="2024-06-10T13:48:59 IST" duration-ms="14055">
    <groups>
    </groups>
    <test started-at="2024-06-10T13:48:45 IST" name="Default test" finished-at="2024-06-10T13:48:59 IST" duration-ms="14055">
      <class name="facebookTest.LoginTest">
        <test-method is-config="true" signature="setup()[pri:0, instance:facebookTest.LoginTest@67389cb8]" started-at="2024-06-10T13:48:45 IST" name="setup" finished-at="2024-06-10T13:48:50 IST" duration-ms="4324" status="PASS">
          <reporter-output>
          </reporter-output>
        </test-method> <!-- setup -->
        <test-method signature="passwordVerification()[pri:0, instance:facebookTest.LoginTest@67389cb8]" started-at="2024-06-10T13:48:50 IST" name="passwordVerification" finished-at="2024-06-10T13:48:50 IST" duration-ms="141" status="PASS">
          <reporter-output>
          </reporter-output>
        </test-method> <!-- passwordVerification -->
        <test-method is-config="true" signature="teardown()[pri:0, instance:facebookTest.LoginTest@67389cb8]" started-at="2024-06-10T13:48:50 IST" name="teardown" finished-at="2024-06-10T13:48:50 IST" duration-ms="173" status="PASS">
          <reporter-output>
          </reporter-output>
        </test-method> <!-- teardown -->
        <test-method is-config="true" signature="setup()[pri:0, instance:facebookTest.LoginTest@67389cb8]" started-at="2024-06-10T13:48:50 IST" name="setup" finished-at="2024-06-10T13:48:54 IST" duration-ms="3953" status="PASS">
          <reporter-output>
          </reporter-output>
        </test-method> <!-- setup -->
        <test-method signature="messageVerification()[pri:1, instance:facebookTest.LoginTest@67389cb8]" started-at="2024-06-10T13:48:54 IST" name="messageVerification" finished-at="2024-06-10T13:48:54 IST" duration-ms="67" status="PASS">
          <reporter-output>
          </reporter-output>
        </test-method> <!-- messageVerification -->
        <test-method is-config="true" signature="teardown()[pri:0, instance:facebookTest.LoginTest@67389cb8]" started-at="2024-06-10T13:48:54 IST" name="teardown" finished-at="2024-06-10T13:48:54 IST" duration-ms="176" status="PASS">
          <reporter-output>
          </reporter-output>
        </test-method> <!-- teardown -->
        <test-method is-config="true" signature="setup()[pri:0, instance:facebookTest.LoginTest@67389cb8]" started-at="2024-06-10T13:48:54 IST" name="setup" finished-at="2024-06-10T13:48:59 IST" duration-ms="4916" status="PASS">
          <reporter-output>
          </reporter-output>
        </test-method> <!-- setup -->
        <test-method signature="emailValidation()[pri:2, instance:facebookTest.LoginTest@67389cb8]" started-at="2024-06-10T13:48:59 IST" name="emailValidation" finished-at="2024-06-10T13:48:59 IST" duration-ms="60" status="PASS">
          <reporter-output>
          </reporter-output>
        </test-method> <!-- emailValidation -->
        <test-method is-config="true" signature="teardown()[pri:0, instance:facebookTest.LoginTest@67389cb8]" started-at="2024-06-10T13:48:59 IST" name="teardown" finished-at="2024-06-10T13:48:59 IST" duration-ms="175" status="PASS">
          <reporter-output>
          </reporter-output>
        </test-method> <!-- teardown -->
      </class> <!-- facebookTest.LoginTest -->
    </test> <!-- Default test -->
  </suite> <!-- Default suite -->
</testng-results>
